<?xml version="1.0" encoding="UTF-8"?>
<testsuite name="fr.unistra.fizzbuzz.FizzBuzzJUnitTest" tests="4" skipped="0" failures="0" errors="0" timestamp="2020-03-12T10:23:41" hostname="OMEN-HP-Laptop" time="0.001">
  <properties/>
  <testcase name="returnsFIZZBUZZForNumbersDivisibleByThreeAndFive" classname="fr.unistra.fizzbuzz.FizzBuzzJUnitTest" time="0.001"/>
  <testcase name="returnsFizzForNummbersDivisibleByThree" classname="fr.unistra.fizzbuzz.FizzBuzzJUnitTest" time="0.0"/>
  <testcase name="returnsBUZZForNumbersDivisibleByFive" classname="fr.unistra.fizzbuzz.FizzBuzzJUnitTest" time="0.0"/>
  <testcase name="returnsNumberForInputNotDivisibleByThreeAndFive" classname="fr.unistra.fizzbuzz.FizzBuzzJUnitTest" time="0.0"/>
  <system-out><![CDATA[]]></system-out>
  <system-err><![CDATA[]]></system-err>
</testsuite>
